ARM GAS  C:\Users\tungc\AppData\Local\Temp\cc819oQn.s 			page 1


   1              		.cpu cortex-m3
   2              		.arch armv7-m
   3              		.fpu softvfp
   4              		.eabi_attribute 20, 1
   5              		.eabi_attribute 21, 1
   6              		.eabi_attribute 23, 3
   7              		.eabi_attribute 24, 1
   8              		.eabi_attribute 25, 1
   9              		.eabi_attribute 26, 1
  10              		.eabi_attribute 30, 1
  11              		.eabi_attribute 34, 1
  12              		.eabi_attribute 18, 4
  13              		.file	"stm32f1xx_hal_msp.c"
  14              		.text
  15              	.Ltext0:
  16              		.cfi_sections	.debug_frame
  17              		.section	.text.HAL_MspInit,"ax",%progbits
  18              		.align	1
  19              		.global	HAL_MspInit
  20              		.syntax unified
  21              		.thumb
  22              		.thumb_func
  24              	HAL_MspInit:
  25              	.LFB65:
  26              		.file 1 "Core/Src/stm32f1xx_hal_msp.c"
   1:Core/Src/stm32f1xx_hal_msp.c **** /* USER CODE BEGIN Header */
   2:Core/Src/stm32f1xx_hal_msp.c **** /**
   3:Core/Src/stm32f1xx_hal_msp.c ****   ******************************************************************************
   4:Core/Src/stm32f1xx_hal_msp.c ****   * @file         stm32f1xx_hal_msp.c
   5:Core/Src/stm32f1xx_hal_msp.c ****   * @brief        This file provides code for the MSP Initialization
   6:Core/Src/stm32f1xx_hal_msp.c ****   *               and de-Initialization codes.
   7:Core/Src/stm32f1xx_hal_msp.c ****   ******************************************************************************
   8:Core/Src/stm32f1xx_hal_msp.c ****   * @attention
   9:Core/Src/stm32f1xx_hal_msp.c ****   *
  10:Core/Src/stm32f1xx_hal_msp.c ****   * Copyright (c) 2022 STMicroelectronics.
  11:Core/Src/stm32f1xx_hal_msp.c ****   * All rights reserved.
  12:Core/Src/stm32f1xx_hal_msp.c ****   *
  13:Core/Src/stm32f1xx_hal_msp.c ****   * This software is licensed under terms that can be found in the LICENSE file
  14:Core/Src/stm32f1xx_hal_msp.c ****   * in the root directory of this software component.
  15:Core/Src/stm32f1xx_hal_msp.c ****   * If no LICENSE file comes with this software, it is provided AS-IS.
  16:Core/Src/stm32f1xx_hal_msp.c ****   *
  17:Core/Src/stm32f1xx_hal_msp.c ****   ******************************************************************************
  18:Core/Src/stm32f1xx_hal_msp.c ****   */
  19:Core/Src/stm32f1xx_hal_msp.c **** /* USER CODE END Header */
  20:Core/Src/stm32f1xx_hal_msp.c **** 
  21:Core/Src/stm32f1xx_hal_msp.c **** /* Includes ------------------------------------------------------------------*/
  22:Core/Src/stm32f1xx_hal_msp.c **** #include "main.h"
  23:Core/Src/stm32f1xx_hal_msp.c **** /* USER CODE BEGIN Includes */
  24:Core/Src/stm32f1xx_hal_msp.c **** 
  25:Core/Src/stm32f1xx_hal_msp.c **** /* USER CODE END Includes */
  26:Core/Src/stm32f1xx_hal_msp.c **** 
  27:Core/Src/stm32f1xx_hal_msp.c **** /* Private typedef -----------------------------------------------------------*/
  28:Core/Src/stm32f1xx_hal_msp.c **** /* USER CODE BEGIN TD */
  29:Core/Src/stm32f1xx_hal_msp.c **** 
  30:Core/Src/stm32f1xx_hal_msp.c **** /* USER CODE END TD */
  31:Core/Src/stm32f1xx_hal_msp.c **** 
  32:Core/Src/stm32f1xx_hal_msp.c **** /* Private define ------------------------------------------------------------*/
ARM GAS  C:\Users\tungc\AppData\Local\Temp\cc819oQn.s 			page 2


  33:Core/Src/stm32f1xx_hal_msp.c **** /* USER CODE BEGIN Define */
  34:Core/Src/stm32f1xx_hal_msp.c **** 
  35:Core/Src/stm32f1xx_hal_msp.c **** /* USER CODE END Define */
  36:Core/Src/stm32f1xx_hal_msp.c **** 
  37:Core/Src/stm32f1xx_hal_msp.c **** /* Private macro -------------------------------------------------------------*/
  38:Core/Src/stm32f1xx_hal_msp.c **** /* USER CODE BEGIN Macro */
  39:Core/Src/stm32f1xx_hal_msp.c **** 
  40:Core/Src/stm32f1xx_hal_msp.c **** /* USER CODE END Macro */
  41:Core/Src/stm32f1xx_hal_msp.c **** 
  42:Core/Src/stm32f1xx_hal_msp.c **** /* Private variables ---------------------------------------------------------*/
  43:Core/Src/stm32f1xx_hal_msp.c **** /* USER CODE BEGIN PV */
  44:Core/Src/stm32f1xx_hal_msp.c **** 
  45:Core/Src/stm32f1xx_hal_msp.c **** /* USER CODE END PV */
  46:Core/Src/stm32f1xx_hal_msp.c **** 
  47:Core/Src/stm32f1xx_hal_msp.c **** /* Private function prototypes -----------------------------------------------*/
  48:Core/Src/stm32f1xx_hal_msp.c **** /* USER CODE BEGIN PFP */
  49:Core/Src/stm32f1xx_hal_msp.c **** 
  50:Core/Src/stm32f1xx_hal_msp.c **** /* USER CODE END PFP */
  51:Core/Src/stm32f1xx_hal_msp.c **** 
  52:Core/Src/stm32f1xx_hal_msp.c **** /* External functions --------------------------------------------------------*/
  53:Core/Src/stm32f1xx_hal_msp.c **** /* USER CODE BEGIN ExternalFunctions */
  54:Core/Src/stm32f1xx_hal_msp.c **** 
  55:Core/Src/stm32f1xx_hal_msp.c **** /* USER CODE END ExternalFunctions */
  56:Core/Src/stm32f1xx_hal_msp.c **** 
  57:Core/Src/stm32f1xx_hal_msp.c **** /* USER CODE BEGIN 0 */
  58:Core/Src/stm32f1xx_hal_msp.c **** 
  59:Core/Src/stm32f1xx_hal_msp.c **** /* USER CODE END 0 */
  60:Core/Src/stm32f1xx_hal_msp.c **** 
  61:Core/Src/stm32f1xx_hal_msp.c **** void HAL_TIM_MspPostInit(TIM_HandleTypeDef *htim);
  62:Core/Src/stm32f1xx_hal_msp.c ****                     /**
  63:Core/Src/stm32f1xx_hal_msp.c ****   * Initializes the Global MSP.
  64:Core/Src/stm32f1xx_hal_msp.c ****   */
  65:Core/Src/stm32f1xx_hal_msp.c **** void HAL_MspInit(void)
  66:Core/Src/stm32f1xx_hal_msp.c **** {
  27              		.loc 1 66 1 view -0
  28              		.cfi_startproc
  29              		@ args = 0, pretend = 0, frame = 8
  30              		@ frame_needed = 0, uses_anonymous_args = 0
  31              		@ link register save eliminated.
  32 0000 82B0     		sub	sp, sp, #8
  33              	.LCFI0:
  34              		.cfi_def_cfa_offset 8
  67:Core/Src/stm32f1xx_hal_msp.c ****   /* USER CODE BEGIN MspInit 0 */
  68:Core/Src/stm32f1xx_hal_msp.c **** 
  69:Core/Src/stm32f1xx_hal_msp.c ****   /* USER CODE END MspInit 0 */
  70:Core/Src/stm32f1xx_hal_msp.c **** 
  71:Core/Src/stm32f1xx_hal_msp.c ****   __HAL_RCC_AFIO_CLK_ENABLE();
  35              		.loc 1 71 3 view .LVU1
  36              	.LBB2:
  37              		.loc 1 71 3 view .LVU2
  38              		.loc 1 71 3 view .LVU3
  39 0002 0E4B     		ldr	r3, .L3
  40 0004 9A69     		ldr	r2, [r3, #24]
  41 0006 42F00102 		orr	r2, r2, #1
  42 000a 9A61     		str	r2, [r3, #24]
  43              		.loc 1 71 3 view .LVU4
  44 000c 9A69     		ldr	r2, [r3, #24]
ARM GAS  C:\Users\tungc\AppData\Local\Temp\cc819oQn.s 			page 3


  45 000e 02F00102 		and	r2, r2, #1
  46 0012 0092     		str	r2, [sp]
  47              		.loc 1 71 3 view .LVU5
  48 0014 009A     		ldr	r2, [sp]
  49              	.LBE2:
  50              		.loc 1 71 3 view .LVU6
  72:Core/Src/stm32f1xx_hal_msp.c ****   __HAL_RCC_PWR_CLK_ENABLE();
  51              		.loc 1 72 3 view .LVU7
  52              	.LBB3:
  53              		.loc 1 72 3 view .LVU8
  54              		.loc 1 72 3 view .LVU9
  55 0016 DA69     		ldr	r2, [r3, #28]
  56 0018 42F08052 		orr	r2, r2, #268435456
  57 001c DA61     		str	r2, [r3, #28]
  58              		.loc 1 72 3 view .LVU10
  59 001e DB69     		ldr	r3, [r3, #28]
  60 0020 03F08053 		and	r3, r3, #268435456
  61 0024 0193     		str	r3, [sp, #4]
  62              		.loc 1 72 3 view .LVU11
  63 0026 019B     		ldr	r3, [sp, #4]
  64              	.LBE3:
  65              		.loc 1 72 3 view .LVU12
  73:Core/Src/stm32f1xx_hal_msp.c **** 
  74:Core/Src/stm32f1xx_hal_msp.c ****   /* System interrupt init*/
  75:Core/Src/stm32f1xx_hal_msp.c **** 
  76:Core/Src/stm32f1xx_hal_msp.c ****   /** NOJTAG: JTAG-DP Disabled and SW-DP Enabled
  77:Core/Src/stm32f1xx_hal_msp.c ****   */
  78:Core/Src/stm32f1xx_hal_msp.c ****   __HAL_AFIO_REMAP_SWJ_NOJTAG();
  66              		.loc 1 78 3 view .LVU13
  67              	.LBB4:
  68              		.loc 1 78 3 view .LVU14
  69 0028 054A     		ldr	r2, .L3+4
  70 002a 5368     		ldr	r3, [r2, #4]
  71              	.LVL0:
  72              		.loc 1 78 3 view .LVU15
  73 002c 23F0E063 		bic	r3, r3, #117440512
  74              	.LVL1:
  75              		.loc 1 78 3 view .LVU16
  76 0030 43F00073 		orr	r3, r3, #33554432
  77              	.LVL2:
  78              		.loc 1 78 3 view .LVU17
  79 0034 5360     		str	r3, [r2, #4]
  80              	.LBE4:
  81              		.loc 1 78 3 view .LVU18
  79:Core/Src/stm32f1xx_hal_msp.c **** 
  80:Core/Src/stm32f1xx_hal_msp.c ****   /* USER CODE BEGIN MspInit 1 */
  81:Core/Src/stm32f1xx_hal_msp.c **** 
  82:Core/Src/stm32f1xx_hal_msp.c ****   /* USER CODE END MspInit 1 */
  83:Core/Src/stm32f1xx_hal_msp.c **** }
  82              		.loc 1 83 1 is_stmt 0 view .LVU19
  83 0036 02B0     		add	sp, sp, #8
  84              	.LCFI1:
  85              		.cfi_def_cfa_offset 0
  86              		@ sp needed
  87 0038 7047     		bx	lr
  88              	.L4:
  89 003a 00BF     		.align	2
ARM GAS  C:\Users\tungc\AppData\Local\Temp\cc819oQn.s 			page 4


  90              	.L3:
  91 003c 00100240 		.word	1073876992
  92 0040 00000140 		.word	1073807360
  93              		.cfi_endproc
  94              	.LFE65:
  96              		.section	.text.HAL_TIM_Base_MspInit,"ax",%progbits
  97              		.align	1
  98              		.global	HAL_TIM_Base_MspInit
  99              		.syntax unified
 100              		.thumb
 101              		.thumb_func
 103              	HAL_TIM_Base_MspInit:
 104              	.LVL3:
 105              	.LFB66:
  84:Core/Src/stm32f1xx_hal_msp.c **** 
  85:Core/Src/stm32f1xx_hal_msp.c **** /**
  86:Core/Src/stm32f1xx_hal_msp.c **** * @brief TIM_Base MSP Initialization
  87:Core/Src/stm32f1xx_hal_msp.c **** * This function configures the hardware resources used in this example
  88:Core/Src/stm32f1xx_hal_msp.c **** * @param htim_base: TIM_Base handle pointer
  89:Core/Src/stm32f1xx_hal_msp.c **** * @retval None
  90:Core/Src/stm32f1xx_hal_msp.c **** */
  91:Core/Src/stm32f1xx_hal_msp.c **** void HAL_TIM_Base_MspInit(TIM_HandleTypeDef* htim_base)
  92:Core/Src/stm32f1xx_hal_msp.c **** {
 106              		.loc 1 92 1 is_stmt 1 view -0
 107              		.cfi_startproc
 108              		@ args = 0, pretend = 0, frame = 8
 109              		@ frame_needed = 0, uses_anonymous_args = 0
  93:Core/Src/stm32f1xx_hal_msp.c ****   if(htim_base->Instance==TIM2)
 110              		.loc 1 93 3 view .LVU21
 111              		.loc 1 93 15 is_stmt 0 view .LVU22
 112 0000 0368     		ldr	r3, [r0]
 113              		.loc 1 93 5 view .LVU23
 114 0002 B3F1804F 		cmp	r3, #1073741824
 115 0006 00D0     		beq	.L11
 116 0008 7047     		bx	lr
 117              	.L11:
  92:Core/Src/stm32f1xx_hal_msp.c ****   if(htim_base->Instance==TIM2)
 118              		.loc 1 92 1 view .LVU24
 119 000a 00B5     		push	{lr}
 120              	.LCFI2:
 121              		.cfi_def_cfa_offset 4
 122              		.cfi_offset 14, -4
 123 000c 83B0     		sub	sp, sp, #12
 124              	.LCFI3:
 125              		.cfi_def_cfa_offset 16
  94:Core/Src/stm32f1xx_hal_msp.c ****   {
  95:Core/Src/stm32f1xx_hal_msp.c ****   /* USER CODE BEGIN TIM2_MspInit 0 */
  96:Core/Src/stm32f1xx_hal_msp.c **** 
  97:Core/Src/stm32f1xx_hal_msp.c ****   /* USER CODE END TIM2_MspInit 0 */
  98:Core/Src/stm32f1xx_hal_msp.c ****     /* Peripheral clock enable */
  99:Core/Src/stm32f1xx_hal_msp.c ****     __HAL_RCC_TIM2_CLK_ENABLE();
 126              		.loc 1 99 5 is_stmt 1 view .LVU25
 127              	.LBB5:
 128              		.loc 1 99 5 view .LVU26
 129              		.loc 1 99 5 view .LVU27
 130 000e 03F50433 		add	r3, r3, #135168
 131 0012 DA69     		ldr	r2, [r3, #28]
ARM GAS  C:\Users\tungc\AppData\Local\Temp\cc819oQn.s 			page 5


 132 0014 42F00102 		orr	r2, r2, #1
 133 0018 DA61     		str	r2, [r3, #28]
 134              		.loc 1 99 5 view .LVU28
 135 001a DB69     		ldr	r3, [r3, #28]
 136 001c 03F00103 		and	r3, r3, #1
 137 0020 0193     		str	r3, [sp, #4]
 138              		.loc 1 99 5 view .LVU29
 139 0022 019B     		ldr	r3, [sp, #4]
 140              	.LBE5:
 141              		.loc 1 99 5 view .LVU30
 100:Core/Src/stm32f1xx_hal_msp.c ****     /* TIM2 interrupt Init */
 101:Core/Src/stm32f1xx_hal_msp.c ****     HAL_NVIC_SetPriority(TIM2_IRQn, 2, 0);
 142              		.loc 1 101 5 view .LVU31
 143 0024 0022     		movs	r2, #0
 144 0026 0221     		movs	r1, #2
 145 0028 1C20     		movs	r0, #28
 146              	.LVL4:
 147              		.loc 1 101 5 is_stmt 0 view .LVU32
 148 002a FFF7FEFF 		bl	HAL_NVIC_SetPriority
 149              	.LVL5:
 102:Core/Src/stm32f1xx_hal_msp.c ****     HAL_NVIC_EnableIRQ(TIM2_IRQn);
 150              		.loc 1 102 5 is_stmt 1 view .LVU33
 151 002e 1C20     		movs	r0, #28
 152 0030 FFF7FEFF 		bl	HAL_NVIC_EnableIRQ
 153              	.LVL6:
 103:Core/Src/stm32f1xx_hal_msp.c ****   /* USER CODE BEGIN TIM2_MspInit 1 */
 104:Core/Src/stm32f1xx_hal_msp.c **** 
 105:Core/Src/stm32f1xx_hal_msp.c ****   /* USER CODE END TIM2_MspInit 1 */
 106:Core/Src/stm32f1xx_hal_msp.c ****   }
 107:Core/Src/stm32f1xx_hal_msp.c **** 
 108:Core/Src/stm32f1xx_hal_msp.c **** }
 154              		.loc 1 108 1 is_stmt 0 view .LVU34
 155 0034 03B0     		add	sp, sp, #12
 156              	.LCFI4:
 157              		.cfi_def_cfa_offset 4
 158              		@ sp needed
 159 0036 5DF804FB 		ldr	pc, [sp], #4
 160              		.cfi_endproc
 161              	.LFE66:
 163              		.section	.text.HAL_TIM_MspPostInit,"ax",%progbits
 164              		.align	1
 165              		.global	HAL_TIM_MspPostInit
 166              		.syntax unified
 167              		.thumb
 168              		.thumb_func
 170              	HAL_TIM_MspPostInit:
 171              	.LVL7:
 172              	.LFB67:
 109:Core/Src/stm32f1xx_hal_msp.c **** 
 110:Core/Src/stm32f1xx_hal_msp.c **** void HAL_TIM_MspPostInit(TIM_HandleTypeDef* htim)
 111:Core/Src/stm32f1xx_hal_msp.c **** {
 173              		.loc 1 111 1 is_stmt 1 view -0
 174              		.cfi_startproc
 175              		@ args = 0, pretend = 0, frame = 24
 176              		@ frame_needed = 0, uses_anonymous_args = 0
 177              		.loc 1 111 1 is_stmt 0 view .LVU36
 178 0000 00B5     		push	{lr}
ARM GAS  C:\Users\tungc\AppData\Local\Temp\cc819oQn.s 			page 6


 179              	.LCFI5:
 180              		.cfi_def_cfa_offset 4
 181              		.cfi_offset 14, -4
 182 0002 87B0     		sub	sp, sp, #28
 183              	.LCFI6:
 184              		.cfi_def_cfa_offset 32
 112:Core/Src/stm32f1xx_hal_msp.c ****   GPIO_InitTypeDef GPIO_InitStruct = {0};
 185              		.loc 1 112 3 is_stmt 1 view .LVU37
 186              		.loc 1 112 20 is_stmt 0 view .LVU38
 187 0004 0023     		movs	r3, #0
 188 0006 0293     		str	r3, [sp, #8]
 189 0008 0393     		str	r3, [sp, #12]
 190 000a 0493     		str	r3, [sp, #16]
 191 000c 0593     		str	r3, [sp, #20]
 113:Core/Src/stm32f1xx_hal_msp.c ****   if(htim->Instance==TIM2)
 192              		.loc 1 113 3 is_stmt 1 view .LVU39
 193              		.loc 1 113 10 is_stmt 0 view .LVU40
 194 000e 0368     		ldr	r3, [r0]
 195              		.loc 1 113 5 view .LVU41
 196 0010 B3F1804F 		cmp	r3, #1073741824
 197 0014 02D0     		beq	.L15
 198              	.LVL8:
 199              	.L12:
 114:Core/Src/stm32f1xx_hal_msp.c ****   {
 115:Core/Src/stm32f1xx_hal_msp.c ****   /* USER CODE BEGIN TIM2_MspPostInit 0 */
 116:Core/Src/stm32f1xx_hal_msp.c **** 
 117:Core/Src/stm32f1xx_hal_msp.c ****   /* USER CODE END TIM2_MspPostInit 0 */
 118:Core/Src/stm32f1xx_hal_msp.c **** 
 119:Core/Src/stm32f1xx_hal_msp.c ****     __HAL_RCC_GPIOA_CLK_ENABLE();
 120:Core/Src/stm32f1xx_hal_msp.c ****     /**TIM2 GPIO Configuration
 121:Core/Src/stm32f1xx_hal_msp.c ****     PA1     ------> TIM2_CH2
 122:Core/Src/stm32f1xx_hal_msp.c ****     */
 123:Core/Src/stm32f1xx_hal_msp.c ****     GPIO_InitStruct.Pin = GPIO_PIN_1;
 124:Core/Src/stm32f1xx_hal_msp.c ****     GPIO_InitStruct.Mode = GPIO_MODE_AF_PP;
 125:Core/Src/stm32f1xx_hal_msp.c ****     GPIO_InitStruct.Speed = GPIO_SPEED_FREQ_LOW;
 126:Core/Src/stm32f1xx_hal_msp.c ****     HAL_GPIO_Init(GPIOA, &GPIO_InitStruct);
 127:Core/Src/stm32f1xx_hal_msp.c **** 
 128:Core/Src/stm32f1xx_hal_msp.c ****   /* USER CODE BEGIN TIM2_MspPostInit 1 */
 129:Core/Src/stm32f1xx_hal_msp.c **** 
 130:Core/Src/stm32f1xx_hal_msp.c ****   /* USER CODE END TIM2_MspPostInit 1 */
 131:Core/Src/stm32f1xx_hal_msp.c ****   }
 132:Core/Src/stm32f1xx_hal_msp.c **** 
 133:Core/Src/stm32f1xx_hal_msp.c **** }
 200              		.loc 1 133 1 view .LVU42
 201 0016 07B0     		add	sp, sp, #28
 202              	.LCFI7:
 203              		.cfi_remember_state
 204              		.cfi_def_cfa_offset 4
 205              		@ sp needed
 206 0018 5DF804FB 		ldr	pc, [sp], #4
 207              	.LVL9:
 208              	.L15:
 209              	.LCFI8:
 210              		.cfi_restore_state
 119:Core/Src/stm32f1xx_hal_msp.c ****     /**TIM2 GPIO Configuration
 211              		.loc 1 119 5 is_stmt 1 view .LVU43
 212              	.LBB6:
ARM GAS  C:\Users\tungc\AppData\Local\Temp\cc819oQn.s 			page 7


 119:Core/Src/stm32f1xx_hal_msp.c ****     /**TIM2 GPIO Configuration
 213              		.loc 1 119 5 view .LVU44
 119:Core/Src/stm32f1xx_hal_msp.c ****     /**TIM2 GPIO Configuration
 214              		.loc 1 119 5 view .LVU45
 215 001c 03F50433 		add	r3, r3, #135168
 216 0020 9A69     		ldr	r2, [r3, #24]
 217 0022 42F00402 		orr	r2, r2, #4
 218 0026 9A61     		str	r2, [r3, #24]
 119:Core/Src/stm32f1xx_hal_msp.c ****     /**TIM2 GPIO Configuration
 219              		.loc 1 119 5 view .LVU46
 220 0028 9B69     		ldr	r3, [r3, #24]
 221 002a 03F00403 		and	r3, r3, #4
 222 002e 0193     		str	r3, [sp, #4]
 119:Core/Src/stm32f1xx_hal_msp.c ****     /**TIM2 GPIO Configuration
 223              		.loc 1 119 5 view .LVU47
 224 0030 019B     		ldr	r3, [sp, #4]
 225              	.LBE6:
 119:Core/Src/stm32f1xx_hal_msp.c ****     /**TIM2 GPIO Configuration
 226              		.loc 1 119 5 view .LVU48
 123:Core/Src/stm32f1xx_hal_msp.c ****     GPIO_InitStruct.Mode = GPIO_MODE_AF_PP;
 227              		.loc 1 123 5 view .LVU49
 123:Core/Src/stm32f1xx_hal_msp.c ****     GPIO_InitStruct.Mode = GPIO_MODE_AF_PP;
 228              		.loc 1 123 25 is_stmt 0 view .LVU50
 229 0032 0223     		movs	r3, #2
 230 0034 0293     		str	r3, [sp, #8]
 124:Core/Src/stm32f1xx_hal_msp.c ****     GPIO_InitStruct.Speed = GPIO_SPEED_FREQ_LOW;
 231              		.loc 1 124 5 is_stmt 1 view .LVU51
 124:Core/Src/stm32f1xx_hal_msp.c ****     GPIO_InitStruct.Speed = GPIO_SPEED_FREQ_LOW;
 232              		.loc 1 124 26 is_stmt 0 view .LVU52
 233 0036 0393     		str	r3, [sp, #12]
 125:Core/Src/stm32f1xx_hal_msp.c ****     HAL_GPIO_Init(GPIOA, &GPIO_InitStruct);
 234              		.loc 1 125 5 is_stmt 1 view .LVU53
 125:Core/Src/stm32f1xx_hal_msp.c ****     HAL_GPIO_Init(GPIOA, &GPIO_InitStruct);
 235              		.loc 1 125 27 is_stmt 0 view .LVU54
 236 0038 0593     		str	r3, [sp, #20]
 126:Core/Src/stm32f1xx_hal_msp.c **** 
 237              		.loc 1 126 5 is_stmt 1 view .LVU55
 238 003a 02A9     		add	r1, sp, #8
 239 003c 0148     		ldr	r0, .L16
 240              	.LVL10:
 126:Core/Src/stm32f1xx_hal_msp.c **** 
 241              		.loc 1 126 5 is_stmt 0 view .LVU56
 242 003e FFF7FEFF 		bl	HAL_GPIO_Init
 243              	.LVL11:
 244              		.loc 1 133 1 view .LVU57
 245 0042 E8E7     		b	.L12
 246              	.L17:
 247              		.align	2
 248              	.L16:
 249 0044 00080140 		.word	1073809408
 250              		.cfi_endproc
 251              	.LFE67:
 253              		.section	.text.HAL_TIM_Base_MspDeInit,"ax",%progbits
 254              		.align	1
 255              		.global	HAL_TIM_Base_MspDeInit
 256              		.syntax unified
 257              		.thumb
ARM GAS  C:\Users\tungc\AppData\Local\Temp\cc819oQn.s 			page 8


 258              		.thumb_func
 260              	HAL_TIM_Base_MspDeInit:
 261              	.LVL12:
 262              	.LFB68:
 134:Core/Src/stm32f1xx_hal_msp.c **** /**
 135:Core/Src/stm32f1xx_hal_msp.c **** * @brief TIM_Base MSP De-Initialization
 136:Core/Src/stm32f1xx_hal_msp.c **** * This function freeze the hardware resources used in this example
 137:Core/Src/stm32f1xx_hal_msp.c **** * @param htim_base: TIM_Base handle pointer
 138:Core/Src/stm32f1xx_hal_msp.c **** * @retval None
 139:Core/Src/stm32f1xx_hal_msp.c **** */
 140:Core/Src/stm32f1xx_hal_msp.c **** void HAL_TIM_Base_MspDeInit(TIM_HandleTypeDef* htim_base)
 141:Core/Src/stm32f1xx_hal_msp.c **** {
 263              		.loc 1 141 1 is_stmt 1 view -0
 264              		.cfi_startproc
 265              		@ args = 0, pretend = 0, frame = 0
 266              		@ frame_needed = 0, uses_anonymous_args = 0
 267              		.loc 1 141 1 is_stmt 0 view .LVU59
 268 0000 08B5     		push	{r3, lr}
 269              	.LCFI9:
 270              		.cfi_def_cfa_offset 8
 271              		.cfi_offset 3, -8
 272              		.cfi_offset 14, -4
 142:Core/Src/stm32f1xx_hal_msp.c ****   if(htim_base->Instance==TIM2)
 273              		.loc 1 142 3 is_stmt 1 view .LVU60
 274              		.loc 1 142 15 is_stmt 0 view .LVU61
 275 0002 0368     		ldr	r3, [r0]
 276              		.loc 1 142 5 view .LVU62
 277 0004 B3F1804F 		cmp	r3, #1073741824
 278 0008 00D0     		beq	.L21
 279              	.LVL13:
 280              	.L18:
 143:Core/Src/stm32f1xx_hal_msp.c ****   {
 144:Core/Src/stm32f1xx_hal_msp.c ****   /* USER CODE BEGIN TIM2_MspDeInit 0 */
 145:Core/Src/stm32f1xx_hal_msp.c **** 
 146:Core/Src/stm32f1xx_hal_msp.c ****   /* USER CODE END TIM2_MspDeInit 0 */
 147:Core/Src/stm32f1xx_hal_msp.c ****     /* Peripheral clock disable */
 148:Core/Src/stm32f1xx_hal_msp.c ****     __HAL_RCC_TIM2_CLK_DISABLE();
 149:Core/Src/stm32f1xx_hal_msp.c **** 
 150:Core/Src/stm32f1xx_hal_msp.c ****     /* TIM2 interrupt DeInit */
 151:Core/Src/stm32f1xx_hal_msp.c ****     HAL_NVIC_DisableIRQ(TIM2_IRQn);
 152:Core/Src/stm32f1xx_hal_msp.c ****   /* USER CODE BEGIN TIM2_MspDeInit 1 */
 153:Core/Src/stm32f1xx_hal_msp.c **** 
 154:Core/Src/stm32f1xx_hal_msp.c ****   /* USER CODE END TIM2_MspDeInit 1 */
 155:Core/Src/stm32f1xx_hal_msp.c ****   }
 156:Core/Src/stm32f1xx_hal_msp.c **** 
 157:Core/Src/stm32f1xx_hal_msp.c **** }
 281              		.loc 1 157 1 view .LVU63
 282 000a 08BD     		pop	{r3, pc}
 283              	.LVL14:
 284              	.L21:
 148:Core/Src/stm32f1xx_hal_msp.c **** 
 285              		.loc 1 148 5 is_stmt 1 view .LVU64
 286 000c 044A     		ldr	r2, .L22
 287 000e D369     		ldr	r3, [r2, #28]
 288 0010 23F00103 		bic	r3, r3, #1
 289 0014 D361     		str	r3, [r2, #28]
 151:Core/Src/stm32f1xx_hal_msp.c ****   /* USER CODE BEGIN TIM2_MspDeInit 1 */
ARM GAS  C:\Users\tungc\AppData\Local\Temp\cc819oQn.s 			page 9


 290              		.loc 1 151 5 view .LVU65
 291 0016 1C20     		movs	r0, #28
 292              	.LVL15:
 151:Core/Src/stm32f1xx_hal_msp.c ****   /* USER CODE BEGIN TIM2_MspDeInit 1 */
 293              		.loc 1 151 5 is_stmt 0 view .LVU66
 294 0018 FFF7FEFF 		bl	HAL_NVIC_DisableIRQ
 295              	.LVL16:
 296              		.loc 1 157 1 view .LVU67
 297 001c F5E7     		b	.L18
 298              	.L23:
 299 001e 00BF     		.align	2
 300              	.L22:
 301 0020 00100240 		.word	1073876992
 302              		.cfi_endproc
 303              	.LFE68:
 305              		.text
 306              	.Letext0:
 307              		.file 2 "c:\\program files (x86)\\gnu arm embedded toolchain\\10 2021.10\\arm-none-eabi\\include\\
 308              		.file 3 "c:\\program files (x86)\\gnu arm embedded toolchain\\10 2021.10\\arm-none-eabi\\include\\
 309              		.file 4 "Drivers/CMSIS/Device/ST/STM32F1xx/Include/stm32f103xb.h"
 310              		.file 5 "Drivers/STM32F1xx_HAL_Driver/Inc/stm32f1xx_hal_def.h"
 311              		.file 6 "Drivers/STM32F1xx_HAL_Driver/Inc/stm32f1xx_hal_gpio.h"
 312              		.file 7 "Drivers/STM32F1xx_HAL_Driver/Inc/stm32f1xx_hal_dma.h"
 313              		.file 8 "Drivers/STM32F1xx_HAL_Driver/Inc/stm32f1xx_hal_tim.h"
 314              		.file 9 "Drivers/STM32F1xx_HAL_Driver/Inc/stm32f1xx_hal_cortex.h"
ARM GAS  C:\Users\tungc\AppData\Local\Temp\cc819oQn.s 			page 10


DEFINED SYMBOLS
                            *ABS*:00000000 stm32f1xx_hal_msp.c
C:\Users\tungc\AppData\Local\Temp\cc819oQn.s:18     .text.HAL_MspInit:00000000 $t
C:\Users\tungc\AppData\Local\Temp\cc819oQn.s:24     .text.HAL_MspInit:00000000 HAL_MspInit
C:\Users\tungc\AppData\Local\Temp\cc819oQn.s:91     .text.HAL_MspInit:0000003c $d
C:\Users\tungc\AppData\Local\Temp\cc819oQn.s:97     .text.HAL_TIM_Base_MspInit:00000000 $t
C:\Users\tungc\AppData\Local\Temp\cc819oQn.s:103    .text.HAL_TIM_Base_MspInit:00000000 HAL_TIM_Base_MspInit
C:\Users\tungc\AppData\Local\Temp\cc819oQn.s:164    .text.HAL_TIM_MspPostInit:00000000 $t
C:\Users\tungc\AppData\Local\Temp\cc819oQn.s:170    .text.HAL_TIM_MspPostInit:00000000 HAL_TIM_MspPostInit
C:\Users\tungc\AppData\Local\Temp\cc819oQn.s:249    .text.HAL_TIM_MspPostInit:00000044 $d
C:\Users\tungc\AppData\Local\Temp\cc819oQn.s:254    .text.HAL_TIM_Base_MspDeInit:00000000 $t
C:\Users\tungc\AppData\Local\Temp\cc819oQn.s:260    .text.HAL_TIM_Base_MspDeInit:00000000 HAL_TIM_Base_MspDeInit
C:\Users\tungc\AppData\Local\Temp\cc819oQn.s:301    .text.HAL_TIM_Base_MspDeInit:00000020 $d

UNDEFINED SYMBOLS
HAL_NVIC_SetPriority
HAL_NVIC_EnableIRQ
HAL_GPIO_Init
HAL_NVIC_DisableIRQ
